c:\users\nathan\documents\github\kerngraphics\opengl\x64\debug\vc143.pdb
c:\users\nathan\documents\github\kerngraphics\opengl\x64\debug\vc143.idb
c:\users\nathan\documents\github\kerngraphics\opengl\x64\debug\glad.obj
c:\users\nathan\documents\github\kerngraphics\opengl\x64\debug\main.obj
c:\users\nathan\documents\github\kerngraphics\opengl\x64\debug\opengl.exe
c:\users\nathan\documents\github\kerngraphics\opengl\x64\debug\opengl.ilk
c:\users\nathan\documents\github\kerngraphics\opengl\x64\debug\opengl.pdb
c:\users\nathan\documents\github\kerngraphics\opengl\x64\debug\assimp-vc143-mtd.dll
c:\users\nathan\documents\github\kerngraphics\opengl\x64\debug\poly2tri.dll
c:\users\nathan\documents\github\kerngraphics\opengl\x64\debug\minizip.dll
c:\users\nathan\documents\github\kerngraphics\opengl\x64\debug\zlibd1.dll
c:\users\nathan\documents\github\kerngraphics\opengl\x64\debug\pugixml.dll
c:\users\nathan\documents\github\kerngraphics\opengl\x64\debug\main.obj.enc
c:\users\nathan\documents\github\kerngraphics\opengl\x64\debug\opengl.tlog\cl.command.1.tlog
c:\users\nathan\documents\github\kerngraphics\opengl\x64\debug\opengl.tlog\cl.read.1.tlog
c:\users\nathan\documents\github\kerngraphics\opengl\x64\debug\opengl.tlog\cl.write.1.tlog
c:\users\nathan\documents\github\kerngraphics\opengl\x64\debug\opengl.tlog\link.command.1.tlog
c:\users\nathan\documents\github\kerngraphics\opengl\x64\debug\opengl.tlog\link.read.1.tlog
c:\users\nathan\documents\github\kerngraphics\opengl\x64\debug\opengl.tlog\link.write.1.tlog
c:\users\nathan\documents\github\kerngraphics\opengl\x64\debug\opengl.tlog\opengl.write.1u.tlog
